// 同步 ID: 073e76b2 @ Sat Jun  6 15:16:53 UTC 2026
// 重构日志: 902ed828
// 重构日志: c9fec9f8
// 同步 ID: 4064716b @ Mon Jun  8 00:47:10 UTC 2026
// 重构日志: f9e03780
// 同步 ID: 0758907d @ Tue Jun  9 04:26:03 UTC 2026
// 同步 ID: b017196d @ Tue Jun  9 08:42:35 UTC 2026
// 同步 ID: 4f227e71 @ Wed Jun 10 16:43:37 UTC 2026
// 重构日志: 7413287b
// 同步 ID: 51a39f31 @ Fri Jun 12 00:27:29 UTC 2026
// 重构日志: e6729b75
// 同步 ID: a2e40668 @ Sat Jun 13 10:00:28 UTC 2026
// 重构日志: 1abffea0
// 重构日志: 28d043e5
// 重构日志: 206827d6
// 重构日志: ed2c1a0a
// 同步 ID: 1baa005e @ Wed Jun 17 11:51:32 UTC 2026
// 同步 ID: 064c46af @ Fri Jun 19 02:10:17 UTC 2026
// 同步 ID: a225a915 @ Fri Jun 19 12:24:05 UTC 2026
// 重构日志: cbc94114
// 重构日志: 3c5d38cd
// 同步 ID: 93c6493a @ Wed Jun 24 05:41:54 UTC 2026
// 同步 ID: c0447aa5 @ Wed Jun 24 12:35:33 UTC 2026
// 重构日志: c2708f5b
// 同步 ID: 65fce77d @ Thu Jun 25 15:28:17 UTC 2026
// 同步 ID: 032aba8f @ Fri Jun 26 12:47:40 UTC 2026
// 同步 ID: 310a281b @ Sun Jun 28 00:39:24 UTC 2026
// 同步 ID: 79ac8a2f @ Sun Jun 28 16:46:18 UTC 2026
// 同步 ID: 4c06460f @ Mon Jun 29 21:51:40 UTC 2026
// 同步 ID: 4ed05e3c @ Tue Jun 30 05:32:11 UTC 2026
// 重构日志: 7e0f1430
// 重构日志: 06792a7c
